<?xml version="1.0" encoding="UTF-8"?>
<testng-results ignored="0" total="3" passed="2" failed="1" skipped="0">
  <reporter-output>
  </reporter-output>
  <suite started-at="2021-02-24T10:05:05 EET" name="Default suite" finished-at="2021-02-24T10:05:45 EET" duration-ms="40026">
    <groups>
    </groups>
    <test started-at="2021-02-24T10:05:05 EET" name="Default test" finished-at="2021-02-24T10:05:45 EET" duration-ms="40026">
      <class name="extent_report_4.NopCommerceTest">
        <test-method is-config="true" signature="setExtent()[pri:0, instance:extent_report_4.NopCommerceTest@1750fbeb]" started-at="2021-02-24T10:05:05 EET" name="setExtent" finished-at="2021-02-24T10:05:08 EET" duration-ms="2477" status="PASS">
          <reporter-output>
          </reporter-output>
        </test-method> <!-- setExtent -->
        <test-method is-config="true" signature="setup()[pri:0, instance:extent_report_4.NopCommerceTest@1750fbeb]" started-at="2021-02-24T10:05:08 EET" name="setup" finished-at="2021-02-24T10:05:19 EET" duration-ms="11875" status="PASS">
          <reporter-output>
          </reporter-output>
        </test-method> <!-- setup -->
        <test-method signature="noCommerceLoginTest()[pri:0, instance:extent_report_4.NopCommerceTest@1750fbeb]" started-at="2021-02-24T10:05:19 EET" name="noCommerceLoginTest" finished-at="2021-02-24T10:05:20 EET" duration-ms="14" status="PASS">
          <reporter-output>
          </reporter-output>
        </test-method> <!-- noCommerceLoginTest -->
        <test-method is-config="true" signature="tearDown(org.testng.ITestResult)[pri:0, instance:extent_report_4.NopCommerceTest@1750fbeb]" started-at="2021-02-24T10:05:20 EET" name="tearDown" finished-at="2021-02-24T10:05:20 EET" duration-ms="724" status="PASS">
          <params>
            <param index="0">
              <value>
                <![CDATA[[TestResult name=noCommerceLoginTest status=SUCCESS method=NopCommerceTest.noCommerceLoginTest()[pri:0, instance:extent_report_4.NopCommerceTest@1750fbeb] output={null}]]]>
              </value>
            </param>
          </params>
          <reporter-output>
          </reporter-output>
        </test-method> <!-- tearDown -->
        <test-method is-config="true" signature="setup()[pri:0, instance:extent_report_4.NopCommerceTest@1750fbeb]" started-at="2021-02-24T10:05:20 EET" name="setup" finished-at="2021-02-24T10:05:31 EET" duration-ms="11176" status="PASS">
          <reporter-output>
          </reporter-output>
        </test-method> <!-- setup -->
        <test-method signature="noCommerceLogoTest()[pri:0, instance:extent_report_4.NopCommerceTest@1750fbeb]" started-at="2021-02-24T10:05:31 EET" name="noCommerceLogoTest" finished-at="2021-02-24T10:05:31 EET" duration-ms="46" status="PASS">
          <reporter-output>
          </reporter-output>
        </test-method> <!-- noCommerceLogoTest -->
        <test-method is-config="true" signature="tearDown(org.testng.ITestResult)[pri:0, instance:extent_report_4.NopCommerceTest@1750fbeb]" started-at="2021-02-24T10:05:31 EET" name="tearDown" finished-at="2021-02-24T10:05:32 EET" duration-ms="731" status="PASS">
          <params>
            <param index="0">
              <value>
                <![CDATA[[TestResult name=noCommerceLogoTest status=SUCCESS method=NopCommerceTest.noCommerceLogoTest()[pri:0, instance:extent_report_4.NopCommerceTest@1750fbeb] output={null}]]]>
              </value>
            </param>
          </params>
          <reporter-output>
          </reporter-output>
        </test-method> <!-- tearDown -->
        <test-method is-config="true" signature="setup()[pri:0, instance:extent_report_4.NopCommerceTest@1750fbeb]" started-at="2021-02-24T10:05:32 EET" name="setup" finished-at="2021-02-24T10:05:43 EET" duration-ms="11114" status="PASS">
          <reporter-output>
          </reporter-output>
        </test-method> <!-- setup -->
        <test-method signature="noCommerceTitleTest()[pri:0, instance:extent_report_4.NopCommerceTest@1750fbeb]" started-at="2021-02-24T10:05:43 EET" name="noCommerceTitleTest" finished-at="2021-02-24T10:05:43 EET" duration-ms="17" status="FAIL">
          <exception class="java.lang.AssertionError">
            <message>
              <![CDATA[expected [nopCommerce demoo store] but found [nopCommerce demo store]]]>
            </message>
            <full-stacktrace>
              <![CDATA[java.lang.AssertionError: expected [nopCommerce demoo store] but found [nopCommerce demo store]
at org.testng.Assert.fail(Assert.java:99)
at org.testng.Assert.failNotEquals(Assert.java:1037)
at org.testng.Assert.assertEqualsImpl(Assert.java:140)
at org.testng.Assert.assertEquals(Assert.java:122)
at org.testng.Assert.assertEquals(Assert.java:629)
at org.testng.Assert.assertEquals(Assert.java:639)
at extent_report_4.NopCommerceTest.noCommerceTitleTest(NopCommerceTest.java:78)
at java.base/jdk.internal.reflect.NativeMethodAccessorImpl.invoke0(Native Method)
at java.base/jdk.internal.reflect.NativeMethodAccessorImpl.invoke(NativeMethodAccessorImpl.java:62)
at java.base/jdk.internal.reflect.DelegatingMethodAccessorImpl.invoke(DelegatingMethodAccessorImpl.java:43)
at java.base/java.lang.reflect.Method.invoke(Method.java:564)
at org.testng.internal.MethodInvocationHelper.invokeMethod(MethodInvocationHelper.java:132)
at org.testng.internal.TestInvoker.invokeMethod(TestInvoker.java:599)
at org.testng.internal.TestInvoker.invokeTestMethod(TestInvoker.java:174)
at org.testng.internal.MethodRunner.runInSequence(MethodRunner.java:46)
at org.testng.internal.TestInvoker$MethodInvocationAgent.invoke(TestInvoker.java:822)
at org.testng.internal.TestInvoker.invokeTestMethods(TestInvoker.java:147)
at org.testng.internal.TestMethodWorker.invokeTestMethods(TestMethodWorker.java:146)
at org.testng.internal.TestMethodWorker.run(TestMethodWorker.java:128)
at java.base/java.util.ArrayList.forEach(ArrayList.java:1511)
at org.testng.TestRunner.privateRun(TestRunner.java:764)
at org.testng.TestRunner.run(TestRunner.java:585)
at org.testng.SuiteRunner.runTest(SuiteRunner.java:384)
at org.testng.SuiteRunner.runSequentially(SuiteRunner.java:378)
at org.testng.SuiteRunner.privateRun(SuiteRunner.java:337)
at org.testng.SuiteRunner.run(SuiteRunner.java:286)
at org.testng.SuiteRunnerWorker.runSuite(SuiteRunnerWorker.java:53)
at org.testng.SuiteRunnerWorker.run(SuiteRunnerWorker.java:96)
at org.testng.TestNG.runSuitesSequentially(TestNG.java:1218)
at org.testng.TestNG.runSuitesLocally(TestNG.java:1140)
at org.testng.TestNG.runSuites(TestNG.java:1069)
at org.testng.TestNG.run(TestNG.java:1037)
at org.testng.remote.AbstractRemoteTestNG.run(AbstractRemoteTestNG.java:115)
at org.testng.remote.RemoteTestNG.initAndRun(RemoteTestNG.java:251)
at org.testng.remote.RemoteTestNG.main(RemoteTestNG.java:77)
]]>
            </full-stacktrace>
          </exception> <!-- java.lang.AssertionError -->
          <reporter-output>
          </reporter-output>
        </test-method> <!-- noCommerceTitleTest -->
        <test-method is-config="true" signature="tearDown(org.testng.ITestResult)[pri:0, instance:extent_report_4.NopCommerceTest@1750fbeb]" started-at="2021-02-24T10:05:43 EET" name="tearDown" finished-at="2021-02-24T10:05:45 EET" duration-ms="1485" status="PASS">
          <params>
            <param index="0">
              <value>
                <![CDATA[[TestResult name=noCommerceTitleTest status=FAILURE method=NopCommerceTest.noCommerceTitleTest()[pri:0, instance:extent_report_4.NopCommerceTest@1750fbeb] output={null}]]]>
              </value>
            </param>
          </params>
          <reporter-output>
          </reporter-output>
        </test-method> <!-- tearDown -->
        <test-method is-config="true" signature="endReport()[pri:0, instance:extent_report_4.NopCommerceTest@1750fbeb]" started-at="2021-02-24T10:05:45 EET" name="endReport" finished-at="2021-02-24T10:05:45 EET" duration-ms="322" status="PASS">
          <reporter-output>
          </reporter-output>
        </test-method> <!-- endReport -->
      </class> <!-- extent_report_4.NopCommerceTest -->
    </test> <!-- Default test -->
  </suite> <!-- Default suite -->
</testng-results>
